<?xml version="1.0" encoding="UTF-8"?>
<testng-results ignored="0" total="1" passed="1" failed="0" skipped="0">
  <reporter-output>
  </reporter-output>
  <suite started-at="2024-12-29T18:45:24 CET" name="Default suite" finished-at="2024-12-29T18:45:36 CET" duration-ms="12225">
    <groups>
      <group name="cucumber">
        <method signature="AbstractTestNGCucumberTests.runScenario(io.cucumber.testng.PickleWrapper,io.cucumber.testng.FeatureWrapper)[pri:0, instance:RunKallax@79079097]" name="runScenario" class="io.cucumber.testng.AbstractTestNGCucumberTests"/>
      </group> <!-- cucumber -->
    </groups>
    <test started-at="2024-12-29T18:45:24 CET" name="Default test" finished-at="2024-12-29T18:45:36 CET" duration-ms="12225">
      <class name="RunKallax">
        <test-method is-config="true" signature="setUpClass(org.testng.ITestContext)[pri:0, instance:RunKallax@79079097]" started-at="2024-12-29T18:45:24 CET" name="setUpClass" finished-at="2024-12-29T18:45:24 CET" duration-ms="214" status="PASS">
          <params>
            <param index="0">
              <value>
                <![CDATA[org.testng.TestRunner@3936df72]]>
              </value>
            </param>
          </params>
          <reporter-output>
          </reporter-output>
        </test-method> <!-- setUpClass -->
        <test-method signature="runScenario(io.cucumber.testng.PickleWrapper,io.cucumber.testng.FeatureWrapper)[pri:0, instance:RunKallax@79079097]" started-at="2024-12-29T18:45:24 CET" name="runScenario" description="Runs Cucumber Scenarios" data-provider="scenarios" finished-at="2024-12-29T18:45:36 CET" duration-ms="11967" status="PASS">
          <params>
            <param index="0">
              <value>
                <![CDATA["Mostrar estanteria Kallax"]]>
              </value>
            </param>
            <param index="1">
              <value>
                <![CDATA["Optional[Kallax]"]]>
              </value>
            </param>
          </params>
          <reporter-output>
          </reporter-output>
        </test-method> <!-- runScenario -->
        <test-method is-config="true" signature="tearDownClass()[pri:0, instance:RunKallax@79079097]" started-at="2024-12-29T18:45:36 CET" name="tearDownClass" finished-at="2024-12-29T18:45:36 CET" duration-ms="10" status="PASS">
          <reporter-output>
          </reporter-output>
        </test-method> <!-- tearDownClass -->
      </class> <!-- RunKallax -->
    </test> <!-- Default test -->
  </suite> <!-- Default suite -->
</testng-results>
